<?xml version="1.0" encoding="UTF-8"?>
<!-- Generated by org.testng.reporters.JUnitReportReporter -->
<testsuite hostname="LPTIN454" failures="0" tests="5" name="configuration.Studentaccount.TestCase.AccountStatusApiTest" time="11.773" errors="0" timestamp="13 Dec 2020 14:06:14 GMT">
  <testcase classname="configuration.Studentaccount.TestCase.AccountStatusApiTest" name="GetAccountStatusAfterSavenew" time="0.459"/>
  <testcase classname="configuration.Studentaccount.TestCase.AccountStatusApiTest" name="GetAccountStatusAfterSave" time="0.470"/>
  <testcase classname="configuration.Studentaccount.TestCase.AccountStatusApiTest" name="SaveAccountStatus" time="1.049"/>
  <testcase classname="configuration.Studentaccount.TestCase.AccountStatusApiTest" name="deleteAccountStatus" time="0.555"/>
  <testcase classname="configuration.Studentaccount.TestCase.AccountStatusApiTest" name="createaccountstatus" time="9.240"/>
</testsuite> <!-- configuration.Studentaccount.TestCase.AccountStatusApiTest -->
